d:\github\progetto_ig\progetto_ig\simpleopengltexturedloader\simpleopengltexturedloader\debug\vc142.pdb
d:\github\progetto_ig\progetto_ig\simpleopengltexturedloader\simpleopengltexturedloader\debug\vc142.idb
d:\github\progetto_ig\progetto_ig\simpleopengltexturedloader\simpleopengltexturedloader\debug\controls.obj
d:\github\progetto_ig\progetto_ig\simpleopengltexturedloader\simpleopengltexturedloader\debug\main.obj
d:\github\progetto_ig\progetto_ig\simpleopengltexturedloader\simpleopengltexturedloader\debug\modelloader.obj
d:\github\progetto_ig\progetto_ig\simpleopengltexturedloader\simpleopengltexturedloader\debug\songs.obj
c:\users\utente\desktop\app interattiva\2302\simpleopengltexturedloader\simpleopengltexturedloader\debug\vc142.pdb
c:\users\utente\desktop\app interattiva\2302\simpleopengltexturedloader\simpleopengltexturedloader\debug\vc142.idb
c:\users\utente\desktop\app interattiva\2302\simpleopengltexturedloader\simpleopengltexturedloader\debug\controls.obj
c:\users\utente\desktop\app interattiva\2302\simpleopengltexturedloader\simpleopengltexturedloader\debug\main.obj
c:\users\utente\desktop\app interattiva\2302\simpleopengltexturedloader\simpleopengltexturedloader\debug\modelloader.obj
c:\users\utente\desktop\app interattiva\2302\simpleopengltexturedloader\simpleopengltexturedloader\debug\songs.obj
d:\github\progetto_ig\progetto_ig\simpleopengltexturedloader\debug\simpleopengltexturedloader.ilk
d:\github\progetto_ig\progetto_ig\simpleopengltexturedloader\debug\simpleopengltexturedloader.exe
d:\github\progetto_ig\progetto_ig\simpleopengltexturedloader\debug\simpleopengltexturedloader.pdb
c:\users\utente\desktop\app interattiva\2302\simpleopengltexturedloader\debug\simpleopengltexturedloader.exe
c:\users\utente\desktop\app interattiva\2302\simpleopengltexturedloader\debug\simpleopengltexturedloader.ilk
c:\users\utente\desktop\app interattiva\2302\simpleopengltexturedloader\debug\simpleopengltexturedloader.pdb
d:\github\progetto_ig\progetto_ig\simpleopengltexturedloader\simpleopengltexturedloader\debug\simpleop.d64e9d0f.tlog\cl.command.1.tlog
d:\github\progetto_ig\progetto_ig\simpleopengltexturedloader\simpleopengltexturedloader\debug\simpleop.d64e9d0f.tlog\cl.read.1.tlog
d:\github\progetto_ig\progetto_ig\simpleopengltexturedloader\simpleopengltexturedloader\debug\simpleop.d64e9d0f.tlog\cl.write.1.tlog
d:\github\progetto_ig\progetto_ig\simpleopengltexturedloader\simpleopengltexturedloader\debug\simpleop.d64e9d0f.tlog\link.command.1.tlog
d:\github\progetto_ig\progetto_ig\simpleopengltexturedloader\simpleopengltexturedloader\debug\simpleop.d64e9d0f.tlog\link.read.1.tlog
d:\github\progetto_ig\progetto_ig\simpleopengltexturedloader\simpleopengltexturedloader\debug\simpleop.d64e9d0f.tlog\link.write.1.tlog
